<?xml version="1.0" encoding="UTF-8"?>
<!-- Generated by org.testng.reporters.JUnitReportReporter -->
<testsuite hostname="GTC-101746" failures="0" tests="1" name="test" time="0.009" errors="0" timestamp="2020-11-02T14:06:28 CAT" skipped="0">
  <testcase classname="test" name="exampleOfTestNgMaven" time="0.009"/>
  <system-out/>
</testsuite> <!-- test -->
